# JRE version: OpenJDK Runtime Environment (8.0_242-b01) (build 1.8.0_242-release-1644-b01)
# Java VM: OpenJDK 64-Bit Server VM (25.242-b01 mixed mode windows-amd64 compressed oops)
Heap:
 PSYoungGen      total 416768K, used 254253K [0x00000000d5580000, 0x00000000f4900000, 0x0000000100000000)
  eden space 331264K, 59% used [0x00000000d5580000,0x00000000e16a2d90,0x00000000e9900000)
  from space 85504K, 66% used [0x00000000ef580000,0x00000000f2ca8748,0x00000000f4900000)
  to   space 90112K, 0% used [0x00000000e9900000,0x00000000e9900000,0x00000000ef100000)
 ParOldGen       total 251904K, used 152543K [0x0000000080000000, 0x000000008f600000, 0x00000000d5580000)
  object space 251904K, 60% used [0x0000000080000000,0x00000000894f7cb8,0x000000008f600000)
 Metaspace       used 127920K, capacity 134926K, committed 135128K, reserved 1167360K
  class space    used 16279K, capacity 17567K, committed 17664K, reserved 1048576K
GC Heap History (10 events):
Event: 13506.796 GC heap before
{Heap before GC invocations=40 (full 7):
 PSYoungGen      total 351232K, used 349829K [0x00000000d5580000, 0x00000000eea00000, 0x0000000100000000)
  eden space 308224K, 100% used [0x00000000d5580000,0x00000000e8280000,0x00000000e8280000)
  from space 43008K, 96% used [0x00000000eb180000,0x00000000eda21720,0x00000000edb80000)
  to   space 48128K, 0% used [0x00000000e8280000,0x00000000e8280000,0x00000000eb180000)
 ParOldGen       total 139264K, used 71499K [0x0000000080000000, 0x0000000088800000, 0x00000000d5580000)
  object space 139264K, 51% used [0x0000000080000000,0x00000000845d2db8,0x0000000088800000)
 Metaspace       used 127360K, capacity 134372K, committed 134616K, reserved 1167360K
  class space    used 16267K, capacity 17586K, committed 17664K, reserved 1048576K
Event: 13506.969 GC heap after
Heap after GC invocations=40 (full 7):
 PSYoungGen      total 333312K, used 37451K [0x00000000d5580000, 0x00000000ed900000, 0x0000000100000000)
  eden space 295424K, 0% used [0x00000000d5580000,0x00000000d5580000,0x00000000e7600000)
  from space 37888K, 98% used [0x00000000e8280000,0x00000000ea712d10,0x00000000ea780000)
  to   space 50688K, 0% used [0x00000000ea780000,0x00000000ea780000,0x00000000ed900000)
 ParOldGen       total 139264K, used 71507K [0x0000000080000000, 0x0000000088800000, 0x00000000d5580000)
  object space 139264K, 51% used [0x0000000080000000,0x00000000845d4db8,0x0000000088800000)
 Metaspace       used 127360K, capacity 134372K, committed 134616K, reserved 1167360K
  class space    used 16267K, capacity 17586K, committed 17664K, reserved 1048576K
}
Event: 13513.125 GC heap before
{Heap before GC invocations=41 (full 7):
 PSYoungGen      total 333312K, used 332875K [0x00000000d5580000, 0x00000000ed900000, 0x0000000100000000)
  eden space 295424K, 100% used [0x00000000d5580000,0x00000000e7600000,0x00000000e7600000)
  from space 37888K, 98% used [0x00000000e8280000,0x00000000ea712d10,0x00000000ea780000)
  to   space 50688K, 0% used [0x00000000ea780000,0x00000000ea780000,0x00000000ed900000)
 ParOldGen       total 139264K, used 71507K [0x0000000080000000, 0x0000000088800000, 0x00000000d5580000)
  object space 139264K, 51% used [0x0000000080000000,0x00000000845d4db8,0x0000000088800000)
 Metaspace       used 127691K, capacity 134820K, committed 135128K, reserved 1167360K
  class space    used 16288K, capacity 17606K, committed 17664K, reserved 1048576K
Event: 13513.197 GC heap after
Heap after GC invocations=41 (full 7):
 PSYoungGen      total 322560K, used 33235K [0x00000000d5580000, 0x00000000ece00000, 0x0000000100000000)
  eden space 283136K, 0% used [0x00000000d5580000,0x00000000d5580000,0x00000000e6a00000)
  from space 39424K, 84% used [0x00000000ea780000,0x00000000ec7f4c98,0x00000000ece00000)
  to   space 51200K, 0% used [0x00000000e6a00000,0x00000000e6a00000,0x00000000e9c00000)
 ParOldGen       total 139264K, used 71515K [0x0000000080000000, 0x0000000088800000, 0x00000000d5580000)
  object space 139264K, 51% used [0x0000000080000000,0x00000000845d6db8,0x0000000088800000)
 Metaspace       used 127691K, capacity 134820K, committed 135128K, reserved 1167360K
  class space    used 16288K, capacity 17606K, committed 17664K, reserved 1048576K
}
Event: 13516.193 GC heap before
{Heap before GC invocations=42 (full 7):
 PSYoungGen      total 322560K, used 316371K [0x00000000d5580000, 0x00000000ece00000, 0x0000000100000000)
  eden space 283136K, 100% used [0x00000000d5580000,0x00000000e6a00000,0x00000000e6a00000)
  from space 39424K, 84% used [0x00000000ea780000,0x00000000ec7f4c98,0x00000000ece00000)
  to   space 51200K, 0% used [0x00000000e6a00000,0x00000000e6a00000,0x00000000e9c00000)
 ParOldGen       total 139264K, used 71515K [0x0000000080000000, 0x0000000088800000, 0x00000000d5580000)
  object space 139264K, 51% used [0x0000000080000000,0x00000000845d6db8,0x0000000088800000)
 Metaspace       used 127813K, capacity 134920K, committed 135128K, reserved 1167360K
  class space    used 16292K, capacity 17610K, committed 17664K, reserved 1048576K
Event: 13516.929 GC heap after
Heap after GC invocations=42 (full 7):
 PSYoungGen      total 334336K, used 51189K [0x00000000d5580000, 0x00000000f4b80000, 0x0000000100000000)
  eden space 283136K, 0% used [0x00000000d5580000,0x00000000d5580000,0x00000000e6a00000)
  from space 51200K, 99% used [0x00000000e6a00000,0x00000000e9bfd7d0,0x00000000e9c00000)
  to   space 88064K, 0% used [0x00000000ef580000,0x00000000ef580000,0x00000000f4b80000)
 ParOldGen       total 153088K, used 151884K [0x0000000080000000, 0x0000000089580000, 0x00000000d5580000)
  object space 153088K, 99% used [0x0000000080000000,0x0000000089453188,0x0000000089580000)
 Metaspace       used 127813K, capacity 134920K, committed 135128K, reserved 1167360K
  class space    used 16292K, capacity 17610K, committed 17664K, reserved 1048576K
}
Event: 13516.929 GC heap before
{Heap before GC invocations=43 (full 8):
 PSYoungGen      total 334336K, used 51189K [0x00000000d5580000, 0x00000000f4b80000, 0x0000000100000000)
  eden space 283136K, 0% used [0x00000000d5580000,0x00000000d5580000,0x00000000e6a00000)
  from space 51200K, 99% used [0x00000000e6a00000,0x00000000e9bfd7d0,0x00000000e9c00000)
  to   space 88064K, 0% used [0x00000000ef580000,0x00000000ef580000,0x00000000f4b80000)
 ParOldGen       total 153088K, used 151884K [0x0000000080000000, 0x0000000089580000, 0x00000000d5580000)
  object space 153088K, 99% used [0x0000000080000000,0x0000000089453188,0x0000000089580000)
 Metaspace       used 127813K, capacity 134920K, committed 135128K, reserved 1167360K
  class space    used 16292K, capacity 17610K, committed 17664K, reserved 1048576K
Event: 13521.018 GC heap after
Heap after GC invocations=43 (full 8):
 PSYoungGen      total 334336K, used 26071K [0x00000000d5580000, 0x00000000f4b80000, 0x0000000100000000)
  eden space 283136K, 0% used [0x00000000d5580000,0x00000000d5580000,0x00000000e6a00000)
  from space 51200K, 50% used [0x00000000e6a00000,0x00000000e8375c10,0x00000000e9c00000)
  to   space 88064K, 0% used [0x00000000ef580000,0x00000000ef580000,0x00000000f4b80000)
 ParOldGen       total 251904K, used 152535K [0x0000000080000000, 0x000000008f600000, 0x00000000d5580000)
  object space 251904K, 60% used [0x0000000080000000,0x00000000894f5cb8,0x000000008f600000)
 Metaspace       used 127755K, capacity 134746K, committed 135128K, reserved 1167360K
  class space    used 16275K, capacity 17559K, committed 17664K, reserved 1048576K
}
Event: 13527.039 GC heap before
{Heap before GC invocations=44 (full 8):
 PSYoungGen      total 334336K, used 309207K [0x00000000d5580000, 0x00000000f4b80000, 0x0000000100000000)
  eden space 283136K, 100% used [0x00000000d5580000,0x00000000e6a00000,0x00000000e6a00000)
  from space 51200K, 50% used [0x00000000e6a00000,0x00000000e8375c10,0x00000000e9c00000)
  to   space 88064K, 0% used [0x00000000ef580000,0x00000000ef580000,0x00000000f4b80000)
 ParOldGen       total 251904K, used 152535K [0x0000000080000000, 0x000000008f600000, 0x00000000d5580000)
  object space 251904K, 60% used [0x0000000080000000,0x00000000894f5cb8,0x000000008f600000)
 Metaspace       used 127823K, capacity 134816K, committed 135128K, reserved 1167360K
  class space    used 16276K, capacity 17560K, committed 17664K, reserved 1048576K
Event: 13527.395 GC heap after
Heap after GC invocations=44 (full 8):
 PSYoungGen      total 416768K, used 56481K [0x00000000d5580000, 0x00000000f4900000, 0x0000000100000000)
  eden space 331264K, 0% used [0x00000000d5580000,0x00000000d5580000,0x00000000e9900000)
  from space 85504K, 66% used [0x00000000ef580000,0x00000000f2ca8748,0x00000000f4900000)
  to   space 90112K, 0% used [0x00000000e9900000,0x00000000e9900000,0x00000000ef100000)
 ParOldGen       total 251904K, used 152543K [0x0000000080000000, 0x000000008f600000, 0x00000000d5580000)
  object space 251904K, 60% used [0x0000000080000000,0x00000000894f7cb8,0x000000008f600000)
 Metaspace       used 127823K, capacity 134816K, committed 135128K, reserved 1167360K
  class space    used 16276K, capacity 17560K, committed 17664K, reserved 1048576K
}

