# JRE version: OpenJDK Runtime Environment (8.0_242-b01) (build 1.8.0_242-release-1644-b01)
# Java VM: OpenJDK 64-Bit Server VM (25.242-b01 mixed mode windows-amd64 compressed oops)
Heap:
 PSYoungGen      total 397824K, used 19168K [0x00000000d5580000, 0x00000000f8700000, 0x0000000100000000)
  eden space 309760K, 6% used [0x00000000d5580000,0x00000000d6838130,0x00000000e8400000)
  from space 88064K, 0% used [0x00000000e8400000,0x00000000e8400000,0x00000000eda00000)
  to   space 85504K, 0% used [0x00000000f3380000,0x00000000f3380000,0x00000000f8700000)
 ParOldGen       total 227840K, used 194221K [0x0000000080000000, 0x000000008de80000, 0x00000000d5580000)
  object space 227840K, 85% used [0x0000000080000000,0x000000008bdab5e0,0x000000008de80000)
 Metaspace       used 89345K, capacity 93470K, committed 93720K, reserved 1130496K
  class space    used 11997K, capacity 12761K, committed 12832K, reserved 1048576K
GC Heap History (10 events):
Event: 35.848 GC heap before
{Heap before GC invocations=16 (full 3):
 PSYoungGen      total 295936K, used 295858K [0x00000000d5580000, 0x00000000ea800000, 0x0000000100000000)
  eden space 270336K, 99% used [0x00000000d5580000,0x00000000e5d733d8,0x00000000e5d80000)
  from space 25600K, 99% used [0x00000000e7f00000,0x00000000e97f96b0,0x00000000e9800000)
  to   space 34304K, 0% used [0x00000000e5d80000,0x00000000e5d80000,0x00000000e7f00000)
 ParOldGen       total 104448K, used 52103K [0x0000000080000000, 0x0000000086600000, 0x00000000d5580000)
  object space 104448K, 49% used [0x0000000080000000,0x00000000832e1e58,0x0000000086600000)
 Metaspace       used 85066K, capacity 89006K, committed 89240K, reserved 1126400K
  class space    used 11590K, capacity 12331K, committed 12448K, reserved 1048576K
Event: 36.052 GC heap after
Heap after GC invocations=16 (full 3):
 PSYoungGen      total 304640K, used 34295K [0x00000000d5580000, 0x00000000f1800000, 0x0000000100000000)
  eden space 270336K, 0% used [0x00000000d5580000,0x00000000d5580000,0x00000000e5d80000)
  from space 34304K, 99% used [0x00000000e5d80000,0x00000000e7efdcf8,0x00000000e7f00000)
  to   space 63488K, 0% used [0x00000000eda00000,0x00000000eda00000,0x00000000f1800000)
 ParOldGen       total 116736K, used 116351K [0x0000000080000000, 0x0000000087200000, 0x00000000d5580000)
  object space 116736K, 99% used [0x0000000080000000,0x000000008719fcf0,0x0000000087200000)
 Metaspace       used 85066K, capacity 89006K, committed 89240K, reserved 1126400K
  class space    used 11590K, capacity 12331K, committed 12448K, reserved 1048576K
}
Event: 36.052 GC heap before
{Heap before GC invocations=17 (full 4):
 PSYoungGen      total 304640K, used 34295K [0x00000000d5580000, 0x00000000f1800000, 0x0000000100000000)
  eden space 270336K, 0% used [0x00000000d5580000,0x00000000d5580000,0x00000000e5d80000)
  from space 34304K, 99% used [0x00000000e5d80000,0x00000000e7efdcf8,0x00000000e7f00000)
  to   space 63488K, 0% used [0x00000000eda00000,0x00000000eda00000,0x00000000f1800000)
 ParOldGen       total 116736K, used 116351K [0x0000000080000000, 0x0000000087200000, 0x00000000d5580000)
  object space 116736K, 99% used [0x0000000080000000,0x000000008719fcf0,0x0000000087200000)
 Metaspace       used 85066K, capacity 89006K, committed 89240K, reserved 1126400K
  class space    used 11590K, capacity 12331K, committed 12448K, reserved 1048576K
Event: 37.314 GC heap after
Heap after GC invocations=17 (full 4):
 PSYoungGen      total 304640K, used 14256K [0x00000000d5580000, 0x00000000f1800000, 0x0000000100000000)
  eden space 270336K, 0% used [0x00000000d5580000,0x00000000d5580000,0x00000000e5d80000)
  from space 34304K, 41% used [0x00000000e5d80000,0x00000000e6b6c248,0x00000000e7f00000)
  to   space 63488K, 0% used [0x00000000eda00000,0x00000000eda00000,0x00000000f1800000)
 ParOldGen       total 227840K, used 116607K [0x0000000080000000, 0x000000008de80000, 0x00000000d5580000)
  object space 227840K, 51% used [0x0000000080000000,0x00000000871dfc60,0x000000008de80000)
 Metaspace       used 84919K, capacity 88602K, committed 89240K, reserved 1126400K
  class space    used 11539K, capacity 12243K, committed 12448K, reserved 1048576K
}
Event: 45.458 GC heap before
{Heap before GC invocations=18 (full 4):
 PSYoungGen      total 304640K, used 284592K [0x00000000d5580000, 0x00000000f1800000, 0x0000000100000000)
  eden space 270336K, 100% used [0x00000000d5580000,0x00000000e5d80000,0x00000000e5d80000)
  from space 34304K, 41% used [0x00000000e5d80000,0x00000000e6b6c248,0x00000000e7f00000)
  to   space 63488K, 0% used [0x00000000eda00000,0x00000000eda00000,0x00000000f1800000)
 ParOldGen       total 227840K, used 116607K [0x0000000080000000, 0x000000008de80000, 0x00000000d5580000)
  object space 227840K, 51% used [0x0000000080000000,0x00000000871dfc60,0x000000008de80000)
 Metaspace       used 88804K, capacity 92990K, committed 93208K, reserved 1130496K
  class space    used 11974K, capacity 12735K, committed 12832K, reserved 1048576K
Event: 46.048 GC heap after
Heap after GC invocations=18 (full 4):
 PSYoungGen      total 373248K, used 63457K [0x00000000d5580000, 0x00000000f4f00000, 0x0000000100000000)
  eden space 309760K, 0% used [0x00000000d5580000,0x00000000d5580000,0x00000000e8400000)
  from space 63488K, 99% used [0x00000000eda00000,0x00000000f17f8760,0x00000000f1800000)
  to   space 88064K, 0% used [0x00000000e8400000,0x00000000e8400000,0x00000000eda00000)
 ParOldGen       total 227840K, used 152393K [0x0000000080000000, 0x000000008de80000, 0x00000000d5580000)
  object space 227840K, 66% used [0x0000000080000000,0x00000000894d2478,0x000000008de80000)
 Metaspace       used 88804K, capacity 92990K, committed 93208K, reserved 1130496K
  class space    used 11974K, capacity 12735K, committed 12832K, reserved 1048576K
}
Event: 58.234 GC heap before
{Heap before GC invocations=19 (full 4):
 PSYoungGen      total 373248K, used 373217K [0x00000000d5580000, 0x00000000f4f00000, 0x0000000100000000)
  eden space 309760K, 100% used [0x00000000d5580000,0x00000000e8400000,0x00000000e8400000)
  from space 63488K, 99% used [0x00000000eda00000,0x00000000f17f8760,0x00000000f1800000)
  to   space 88064K, 0% used [0x00000000e8400000,0x00000000e8400000,0x00000000eda00000)
 ParOldGen       total 227840K, used 152393K [0x0000000080000000, 0x000000008de80000, 0x00000000d5580000)
  object space 227840K, 66% used [0x0000000080000000,0x00000000894d2478,0x000000008de80000)
 Metaspace       used 89367K, capacity 93530K, committed 93720K, reserved 1130496K
  class space    used 12005K, capacity 12775K, committed 12832K, reserved 1048576K
Event: 59.159 GC heap after
Heap after GC invocations=19 (full 4):
 PSYoungGen      total 397824K, used 38953K [0x00000000d5580000, 0x00000000f8700000, 0x0000000100000000)
  eden space 309760K, 0% used [0x00000000d5580000,0x00000000d5580000,0x00000000e8400000)
  from space 88064K, 44% used [0x00000000e8400000,0x00000000eaa0a6c8,0x00000000eda00000)
  to   space 85504K, 0% used [0x00000000f3380000,0x00000000f3380000,0x00000000f8700000)
 ParOldGen       total 227840K, used 210021K [0x0000000080000000, 0x000000008de80000, 0x00000000d5580000)
  object space 227840K, 92% used [0x0000000080000000,0x000000008cd194a8,0x000000008de80000)
 Metaspace       used 89367K, capacity 93530K, committed 93720K, reserved 1130496K
  class space    used 12005K, capacity 12775K, committed 12832K, reserved 1048576K
}
Event: 59.159 GC heap before
{Heap before GC invocations=20 (full 5):
 PSYoungGen      total 397824K, used 38953K [0x00000000d5580000, 0x00000000f8700000, 0x0000000100000000)
  eden space 309760K, 0% used [0x00000000d5580000,0x00000000d5580000,0x00000000e8400000)
  from space 88064K, 44% used [0x00000000e8400000,0x00000000eaa0a6c8,0x00000000eda00000)
  to   space 85504K, 0% used [0x00000000f3380000,0x00000000f3380000,0x00000000f8700000)
 ParOldGen       total 227840K, used 210021K [0x0000000080000000, 0x000000008de80000, 0x00000000d5580000)
  object space 227840K, 92% used [0x0000000080000000,0x000000008cd194a8,0x000000008de80000)
 Metaspace       used 89367K, capacity 93530K, committed 93720K, reserved 1130496K
  class space    used 12005K, capacity 12775K, committed 12832K, reserved 1048576K
Event: 66.169 GC heap after
Heap after GC invocations=20 (full 5):
 PSYoungGen      total 397824K, used 0K [0x00000000d5580000, 0x00000000f8700000, 0x0000000100000000)
  eden space 309760K, 0% used [0x00000000d5580000,0x00000000d5580000,0x00000000e8400000)
  from space 88064K, 0% used [0x00000000e8400000,0x00000000e8400000,0x00000000eda00000)
  to   space 85504K, 0% used [0x00000000f3380000,0x00000000f3380000,0x00000000f8700000)
 ParOldGen       total 227840K, used 194221K [0x0000000080000000, 0x000000008de80000, 0x00000000d5580000)
  object space 227840K, 85% used [0x0000000080000000,0x000000008bdab5e0,0x000000008de80000)
 Metaspace       used 89345K, capacity 93470K, committed 93720K, reserved 1130496K
  class space    used 11997K, capacity 12761K, committed 12832K, reserved 1048576K
}

